生成启动时间为 2016/1/18 0:40:52。
     1>项目“E:\VB_Project\DataCollect\DataCollect\DataCollect.vcxproj”在节点 2 上(Build 个目标)。
     1>ClCompile:
         G:\SoftInstall\VisualStudio2013\VC\bin\CL.exe /c /I.\GeneratedFiles /I. /IG:\SoftInstall\Qt5\32\5.5\msvc2013\include /I.\GeneratedFiles\Debug /IG:\SoftInstall\Qt5\32\5.5\msvc2013\include\QtCore /IG:\SoftInstall\Qt5\32\5.5\msvc2013\include\QtGui /IG:\SoftInstall\Qt5\32\5.5\msvc2013\include\QtWidgets /Zi /nologo /W1 /WX- /Od /Oy- /D UNICODE /D WIN32 /D WIN64 /D QT_DLL /D QT_CORE_LIB /D QT_GUI_LIB /D QT_WIDGETS_LIB /Gm- /EHsc /MDd /GS /fp:precise /Zc:wchar_t /Zc:forScope /Fo"Debug\\" /Fd"Debug\vc120.pdb" /Gd /TP /analyze- /errorReport:prompt Account.cpp ui_account.cpp
         Account.cpp
         ui_account.cpp
         正在生成代码...
       Link:
         G:\SoftInstall\VisualStudio2013\VC\bin\link.exe /ERRORREPORT:PROMPT /OUT:"E:\VB_Project\DataCollect\Win32\Debug\\DataCollect.exe" /NOLOGO /LIBPATH:"D:\DevTools\C++Lib\protobuf-2.6.1\vsprojects\Debug" /LIBPATH:G:\SoftInstall\Qt5\32\5.5\msvc2013\lib qtmaind.lib Qt5Cored.lib Qt5Guid.lib Qt5Widgetsd.lib libprotobuf.lib libprotoc.lib "libprotobuf-lite.lib" kernel32.lib user32.lib gdi32.lib winspool.lib comdlg32.lib advapi32.lib shell32.lib ole32.lib oleaut32.lib uuid.lib odbc32.lib odbccp32.lib /MANIFEST /MANIFESTUAC:"level='asInvoker' uiAccess='false'" /manifest:embed /DEBUG /PDB:"E:\VB_Project\DataCollect\Win32\Debug\DataCollect.pdb" /SUBSYSTEM:WINDOWS /TLBID:1 /DYNAMICBASE /NXCOMPAT /IMPLIB:"E:\VB_Project\DataCollect\Win32\Debug\DataCollect.lib" /MACHINE:X86 /SAFESEH Debug\DataCollect.res
         Debug\Account.obj
         Debug\AccountConfig.pb.obj
         Debug\ContractConfig.pb.obj
         Debug\datacollect.obj
         Debug\moc_datacollect.obj
         Debug\moc_ui_account.obj
         Debug\moc_ui_config.obj
         Debug\moc_ui_main_window.obj
         Debug\qrc_datacollect.obj
         Debug\main.obj
         Debug\ui_account.obj
         Debug\ui_config.obj
         Debug\ui_main_window.obj
         DataCollect.vcxproj -> E:\VB_Project\DataCollect\Win32\Debug\DataCollect.exe
     1>已完成生成项目“E:\VB_Project\DataCollect\DataCollect\DataCollect.vcxproj”(Build 个目标)的操作。

生成成功。

已用时间 00:00:03.10
