e:\vb_project\datacollect\datacollect\debug\vc120.pdb
e:\vb_project\datacollect\datacollect\debug\ui_main_window.obj
e:\vb_project\datacollect\datacollect\debug\ui_config.obj
e:\vb_project\datacollect\datacollect\debug\main.obj
e:\vb_project\datacollect\datacollect\debug\moc_ui_main_window.obj
e:\vb_project\datacollect\datacollect\debug\moc_ui_config.obj
e:\vb_project\datacollect\datacollect\debug\moc_datacollect.obj
e:\vb_project\datacollect\datacollect\debug\datacollect.obj
e:\vb_project\datacollect\datacollect\debug\contractconfig.pb.obj
e:\vb_project\datacollect\datacollect\debug\accountconfig.pb.obj
e:\vb_project\datacollect\datacollect\debug\account.obj
e:\vb_project\datacollect\datacollect\debug\qrc_datacollect.obj
e:\vb_project\datacollect\datacollect\debug\ui_account.obj
e:\vb_project\datacollect\datacollect\generatedfiles\debug\moc_datacollect.cpp
e:\vb_project\datacollect\datacollect\generatedfiles\ui_datacollect.h
e:\vb_project\datacollect\datacollect\generatedfiles\debug\moc_ui_main_window.cpp
e:\vb_project\datacollect\datacollect\generatedfiles\debug\moc_ui_config.cpp
e:\vb_project\datacollect\datacollect\generatedfiles\qrc_datacollect.cpp
e:\vb_project\datacollect\win32\debug\datacollect.ilk
e:\vb_project\datacollect\win32\debug\datacollect.exe
e:\vb_project\datacollect\win32\debug\datacollect.pdb
e:\vb_project\datacollect\datacollect\debug\datacollect.res
e:\vb_project\datacollect\datacollect\debug\datacollect.tlog\cl.command.1.tlog
e:\vb_project\datacollect\datacollect\debug\datacollect.tlog\cl.read.1.tlog
e:\vb_project\datacollect\datacollect\debug\datacollect.tlog\cl.write.1.tlog
e:\vb_project\datacollect\datacollect\debug\datacollect.tlog\custombuild.command.1.tlog
e:\vb_project\datacollect\datacollect\debug\datacollect.tlog\custombuild.read.1.tlog
e:\vb_project\datacollect\datacollect\debug\datacollect.tlog\custombuild.write.1.tlog
e:\vb_project\datacollect\datacollect\debug\datacollect.tlog\link.command.1.tlog
e:\vb_project\datacollect\datacollect\debug\datacollect.tlog\link.read.1.tlog
e:\vb_project\datacollect\datacollect\debug\datacollect.tlog\link.write.1.tlog
e:\vb_project\datacollect\datacollect\debug\datacollect.tlog\rc.command.1.tlog
e:\vb_project\datacollect\datacollect\debug\datacollect.tlog\rc.read.1.tlog
e:\vb_project\datacollect\datacollect\debug\datacollect.tlog\rc.write.1.tlog
